20:04:27 **** Build of configuration Debug for project OpenTool ****
make all 
Building file: /home/countzero/repos/OpenTool/src/Header.cpp
/bin/sh: 1: g++: not found
make: *** [src/Header.o] Error 127
Invoking: GCC C++ Compiler
g++ -std=c++0x -O0 -g3 -Wall -c -fmessage-length=0 -MMD -MP -MF"src/Header.d" -MT"src/Header.d" -o "src/Header.o" "/home/countzero/repos/OpenTool/src/Header.cpp"
20:18:59 **** Incremental Build of configuration Debug for project OpenTool ****
make all 
Building file: /home/countzero/repos/OpenTool/src/Header.cpp
Invoking: GCC C++ Compiler
g++ -std=c++0x -O0 -g3 -Wall -c -fmessage-length=0 -MMD -MP -MF"src/Header.d" -MT"src/Header.d" -o "src/Header.o" "/home/countzero/repos/OpenTool/src/Header.cpp"
Finished building: /home/countzero/repos/OpenTool/src/Header.cpp
 
Building file: /home/countzero/repos/OpenTool/src/MessageID.cpp
Invoking: GCC C++ Compiler
g++ -std=c++0x -O0 -g3 -Wall -c -fmessage-length=0 -MMD -MP -MF"src/MessageID.d" -MT"src/MessageID.d" -o "src/MessageID.o" "/home/countzero/repos/OpenTool/src/MessageID.cpp"
Finished building: /home/countzero/repos/OpenTool/src/MessageID.cpp
 
Building file: /home/countzero/repos/OpenTool/src/Mid0001.cpp
Invoking: GCC C++ Compiler
g++ -std=c++0x -O0 -g3 -Wall -c -fmessage-length=0 -MMD -MP -MF"src/Mid0001.d" -MT"src/Mid0001.d" -o "src/Mid0001.o" "/home/countzero/repos/OpenTool/src/Mid0001.cpp"
Finished building: /home/countzero/repos/OpenTool/src/Mid0001.cpp
 
Building file: /home/countzero/repos/OpenTool/src/Mid0002.cpp
Invoking: GCC C++ Compiler
g++ -std=c++0x -O0 -g3 -Wall -c -fmessage-length=0 -MMD -MP -MF"src/Mid0002.d" -MT"src/Mid0002.d" -o "src/Mid0002.o" "/home/countzero/repos/OpenTool/src/Mid0002.cpp"
Finished building: /home/countzero/repos/OpenTool/src/Mid0002.cpp
 
Building file: /home/countzero/repos/OpenTool/src/Mid0003.cpp
Invoking: GCC C++ Compiler
g++ -std=c++0x -O0 -g3 -Wall -c -fmessage-length=0 -MMD -MP -MF"src/Mid0003.d" -MT"src/Mid0003.d" -o "src/Mid0003.o" "/home/countzero/repos/OpenTool/src/Mid0003.cpp"
Finished building: /home/countzero/repos/OpenTool/src/Mid0003.cpp
 
Building file: /home/countzero/repos/OpenTool/src/Mid0004.cpp
Invoking: GCC C++ Compiler
g++ -std=c++0x -O0 -g3 -Wall -c -fmessage-length=0 -MMD -MP -MF"src/Mid0004.d" -MT"src/Mid0004.d" -o "src/Mid0004.o" "/home/countzero/repos/OpenTool/src/Mid0004.cpp"
Finished building: /home/countzero/repos/OpenTool/src/Mid0004.cpp
 
Building file: /home/countzero/repos/OpenTool/src/Mid0005.cpp
Invoking: GCC C++ Compiler
g++ -std=c++0x -O0 -g3 -Wall -c -fmessage-length=0 -MMD -MP -MF"src/Mid0005.d" -MT"src/Mid0005.d" -o "src/Mid0005.o" "/home/countzero/repos/OpenTool/src/Mid0005.cpp"
Finished building: /home/countzero/repos/OpenTool/src/Mid0005.cpp
 
Building file: /home/countzero/repos/OpenTool/src/Mid9999.cpp
Invoking: GCC C++ Compiler
g++ -std=c++0x -O0 -g3 -Wall -c -fmessage-length=0 -MMD -MP -MF"src/Mid9999.d" -MT"src/Mid9999.d" -o "src/Mid9999.o" "/home/countzero/repos/OpenTool/src/Mid9999.cpp"
Finished building: /home/countzero/repos/OpenTool/src/Mid9999.cpp
 
Building target: libOpenTool.so
Invoking: GCC C++ Linker
g++ -shared -o "libOpenTool.so"  ./src/Header.o ./src/MessageID.o ./src/Mid0001.o ./src/Mid0002.o ./src/Mid0003.o ./src/Mid0004.o ./src/Mid0005.o ./src/Mid9999.o   
/usr/bin/ld: ./src/Header.o: relocation R_X86_64_32S against `_ZTV6Header' can not be used when making a shared object; recompile with -fPIC
./src/Header.o: error adding symbols: Bad value
collect2: error: ld returned 1 exit status
make: *** [libOpenTool.so] Error 1
20:20:09 **** Incremental Build of configuration Debug for project OpenTool ****
make all 
Building file: /home/countzero/repos/OpenTool/src/Header.cpp
Invoking: GCC C++ Compiler
g++ -std=c++0x -O0 -g3 -Wall -c -fmessage-length=0 -fPIC -MMD -MP -MF"src/Header.d" -MT"src/Header.d" -o "src/Header.o" "/home/countzero/repos/OpenTool/src/Header.cpp"
Finished building: /home/countzero/repos/OpenTool/src/Header.cpp
 
Building file: /home/countzero/repos/OpenTool/src/MessageID.cpp
Invoking: GCC C++ Compiler
g++ -std=c++0x -O0 -g3 -Wall -c -fmessage-length=0 -fPIC -MMD -MP -MF"src/MessageID.d" -MT"src/MessageID.d" -o "src/MessageID.o" "/home/countzero/repos/OpenTool/src/MessageID.cpp"
Finished building: /home/countzero/repos/OpenTool/src/MessageID.cpp
 
Building file: /home/countzero/repos/OpenTool/src/Mid0001.cpp
Invoking: GCC C++ Compiler
g++ -std=c++0x -O0 -g3 -Wall -c -fmessage-length=0 -fPIC -MMD -MP -MF"src/Mid0001.d" -MT"src/Mid0001.d" -o "src/Mid0001.o" "/home/countzero/repos/OpenTool/src/Mid0001.cpp"
Finished building: /home/countzero/repos/OpenTool/src/Mid0001.cpp
 
Building file: /home/countzero/repos/OpenTool/src/Mid0002.cpp
Invoking: GCC C++ Compiler
g++ -std=c++0x -O0 -g3 -Wall -c -fmessage-length=0 -fPIC -MMD -MP -MF"src/Mid0002.d" -MT"src/Mid0002.d" -o "src/Mid0002.o" "/home/countzero/repos/OpenTool/src/Mid0002.cpp"
Finished building: /home/countzero/repos/OpenTool/src/Mid0002.cpp
 
Building file: /home/countzero/repos/OpenTool/src/Mid0003.cpp
Invoking: GCC C++ Compiler
g++ -std=c++0x -O0 -g3 -Wall -c -fmessage-length=0 -fPIC -MMD -MP -MF"src/Mid0003.d" -MT"src/Mid0003.d" -o "src/Mid0003.o" "/home/countzero/repos/OpenTool/src/Mid0003.cpp"
Finished building: /home/countzero/repos/OpenTool/src/Mid0003.cpp
 
Building file: /home/countzero/repos/OpenTool/src/Mid0004.cpp
Invoking: GCC C++ Compiler
g++ -std=c++0x -O0 -g3 -Wall -c -fmessage-length=0 -fPIC -MMD -MP -MF"src/Mid0004.d" -MT"src/Mid0004.d" -o "src/Mid0004.o" "/home/countzero/repos/OpenTool/src/Mid0004.cpp"
Finished building: /home/countzero/repos/OpenTool/src/Mid0004.cpp
 
Building file: /home/countzero/repos/OpenTool/src/Mid0005.cpp
Invoking: GCC C++ Compiler
g++ -std=c++0x -O0 -g3 -Wall -c -fmessage-length=0 -fPIC -MMD -MP -MF"src/Mid0005.d" -MT"src/Mid0005.d" -o "src/Mid0005.o" "/home/countzero/repos/OpenTool/src/Mid0005.cpp"
Finished building: /home/countzero/repos/OpenTool/src/Mid0005.cpp
 
Building file: /home/countzero/repos/OpenTool/src/Mid9999.cpp
Invoking: GCC C++ Compiler
g++ -std=c++0x -O0 -g3 -Wall -c -fmessage-length=0 -fPIC -MMD -MP -MF"src/Mid9999.d" -MT"src/Mid9999.d" -o "src/Mid9999.o" "/home/countzero/repos/OpenTool/src/Mid9999.cpp"
Finished building: /home/countzero/repos/OpenTool/src/Mid9999.cpp
 
Building target: libOpenTool.so
Invoking: GCC C++ Linker
g++ -shared -o "libOpenTool.so"  ./src/Header.o ./src/MessageID.o ./src/Mid0001.o ./src/Mid0002.o ./src/Mid0003.o ./src/Mid0004.o ./src/Mid0005.o ./src/Mid9999.o   
Finished building target: libOpenTool.so
 
